<?xml version="1.0" encoding="UTF-8"?>
<testsuite name="Login Test"
           tests="6"
           failures="0"
           errors="0"
           skipped="0"
           time="86.700">
  <properties />
  
  
            <testcase name="verifyJobSearchResultUsingDifferentDataSet" time="12.565" classname="uk.co.library.testsuite.JobSearchTest" />
                <testcase name="verifyJobSearchResultUsingDifferentDataSet" time="23.360" classname="uk.co.library.testsuite.JobSearchTest" />
                <testcase name="verifyJobSearchResultUsingDifferentDataSet" time="13.396" classname="uk.co.library.testsuite.JobSearchTest" />
                <testcase name="verifyJobSearchResultUsingDifferentDataSet" time="13.104" classname="uk.co.library.testsuite.JobSearchTest" />
                <testcase name="verifyJobSearchResultUsingDifferentDataSet" time="12.994" classname="uk.co.library.testsuite.JobSearchTest" />
                <testcase name="verifyJobSearchResultUsingDifferentDataSet" time="11.281" classname="uk.co.library.testsuite.JobSearchTest" />
      
</testsuite>
